<?xml version="1.0" encoding="utf-8" standalone="no"?>
<!--This file represents the results of running a test suite-->
<test-results name="/Users/willsam100/Projects/CafeApp/tests/CafeApp.Core.Tests.dll" total="1" errors="0" failures="0" not-run="0" inconclusive="0" ignored="0" skipped="0" invalid="0" date="2016-09-16" time="07:15:36">
  <environment nunit-version="2.6.4.14350" clr-version="4.0.30319.42000" os-version="Unix 15.6.0.0" platform="Unix" cwd="/Users/willsam100/Projects/CafeApp" machine-name="Sams-MBP-2" user="willsam100" user-domain="Sams-MBP-2" />
  <culture-info current-culture="en-NZ" current-uiculture="en-NZ" />
  <test-suite type="Assembly" name="/Users/willsam100/Projects/CafeApp/tests/CafeApp.Core.Tests.dll" executed="True" result="Success" success="True" time="0.019" asserts="0">
    <results>
      <test-suite type="Namespace" name="CafeApp" executed="True" result="Success" success="True" time="0.014" asserts="0">
        <results>
          <test-suite type="Namespace" name="Core" executed="True" result="Success" success="True" time="0.014" asserts="0">
            <results>
              <test-suite type="Namespace" name="Tests" executed="True" result="Success" success="True" time="0.014" asserts="0">
                <results>
                  <test-suite type="TestFixture" name="UnitTests" executed="True" result="Success" success="True" time="0.013" asserts="0">
                    <results>
                      <test-case name="CafeApp.Core.Tests.UnitTests.Sample Test" executed="True" result="Success" success="True" time="0.009" asserts="1" />
                    </results>
                  </test-suite>
                </results>
              </test-suite>
            </results>
          </test-suite>
        </results>
      </test-suite>
    </results>
  </test-suite>
</test-results>